<?xml version="1.0" encoding="UTF-8"?>
<!-- Generated by org.testng.reporters.JUnitXMLReporter -->
<testsuite hostname="Lenovo-PC" ignored="0" name="Test" tests="3" failures="3" timestamp="04 Mar 2018 10:17:21 GMT" time="0.073" errors="0">
  <testcase name="logoutApplication" time="0.031" classname="TestNGDemo.MultipleTestExecution">
    <failure type="java.lang.NoClassDefFoundError" message="org/openqa/selenium/chrome/ChromeDriver">
      <![CDATA[java.lang.NoClassDefFoundError: org/openqa/selenium/chrome/ChromeDriver
at TestNGDemo.MultipleTestExecution.logoutApplication(MultipleTestExecution.java:30)
at java.util.concurrent.ThreadPoolExecutor.runWorker(ThreadPoolExecutor.java:1142)
at java.util.concurrent.ThreadPoolExecutor$Worker.run(ThreadPoolExecutor.java:617)
at java.lang.Thread.run(Thread.java:745)
... Removed 10 stack frames]]>
    </failure>
  </testcase> <!-- logoutApplication -->
  <testcase name="loginApplication" time="0.031" classname="TestNGDemo.MultipleTestExecution">
    <failure type="java.lang.NoClassDefFoundError" message="org/openqa/selenium/remote/RemoteWebDriver">
      <![CDATA[java.lang.NoClassDefFoundError: org/openqa/selenium/remote/RemoteWebDriver
at java.lang.ClassLoader.defineClass1(Native Method)
at java.lang.ClassLoader.defineClass(ClassLoader.java:763)
at java.security.SecureClassLoader.defineClass(SecureClassLoader.java:142)
at java.net.URLClassLoader.defineClass(URLClassLoader.java:467)
at java.net.URLClassLoader.access$100(URLClassLoader.java:73)
at java.net.URLClassLoader$1.run(URLClassLoader.java:368)
at java.net.URLClassLoader$1.run(URLClassLoader.java:362)
at java.security.AccessController.doPrivileged(Native Method)
at java.net.URLClassLoader.findClass(URLClassLoader.java:361)
at java.lang.ClassLoader.loadClass(ClassLoader.java:424)
at sun.misc.Launcher$AppClassLoader.loadClass(Launcher.java:331)
at java.lang.ClassLoader.loadClass(ClassLoader.java:357)
at TestNGDemo.MultipleTestExecution.loginApplication(MultipleTestExecution.java:23)
at java.util.concurrent.ThreadPoolExecutor.runWorker(ThreadPoolExecutor.java:1142)
at java.util.concurrent.ThreadPoolExecutor$Worker.run(ThreadPoolExecutor.java:617)
at java.lang.Thread.run(Thread.java:745)
Caused by: java.lang.ClassNotFoundException: org.openqa.selenium.remote.RemoteWebDriver
at java.net.URLClassLoader.findClass(URLClassLoader.java:381)
at java.lang.ClassLoader.loadClass(ClassLoader.java:424)
at sun.misc.Launcher$AppClassLoader.loadClass(Launcher.java:331)
at java.lang.ClassLoader.loadClass(ClassLoader.java:357)
... 26 more
... Removed 10 stack frames]]>
    </failure>
  </testcase> <!-- loginApplication -->
  <testcase name="setUp" time="0.002" classname="TestNGDemo.MultipleTestExecution">
    <failure type="java.lang.NoClassDefFoundError" message="org/openqa/selenium/chrome/ChromeDriver">
      <![CDATA[java.lang.NoClassDefFoundError: org/openqa/selenium/chrome/ChromeDriver
at TestNGDemo.MultipleTestExecution.setUp(MultipleTestExecution.java:14)
at java.util.concurrent.ThreadPoolExecutor.runWorker(ThreadPoolExecutor.java:1142)
at java.util.concurrent.ThreadPoolExecutor$Worker.run(ThreadPoolExecutor.java:617)
at java.lang.Thread.run(Thread.java:745)
... Removed 10 stack frames]]>
    </failure>
  </testcase> <!-- setUp -->
</testsuite> <!-- Test -->
